<?xml version="1.0" encoding="UTF-8"?>
<Site BuildName="(empty)"
	BuildStamp="20250114-1121-Experimental"
	Name="xcdai-GeekPro"
	Generator="ctest-3.16.3"
	CompilerName="/usr/bin/c++"
	CompilerVersion="9.4.0"
	OSName="Linux"
	Hostname="xcdai-GeekPro"
	OSRelease="5.15.0-130-generic"
	OSVersion="#140~20.04.1-Ubuntu SMP Wed Dec 18 21:35:34 UTC 2024"
	OSPlatform="x86_64"
	Is64Bits="1"
	VendorString="GenuineIntel"
	VendorID="Intel Corporation"
	FamilyID="6"
	ModelID="183"
	ProcessorCacheSize="20480"
	NumberOfLogicalCPU="16"
	NumberOfPhysicalCPU="10"
	TotalVirtualMemory="2047"
	TotalPhysicalMemory="31778"
	LogicalProcessorsPerPhysical="1"
	ProcessorClockFrequency="1145.65"
	>
	<Testing>
		<StartDateTime>Jan 14 19:24 CST</StartDateTime>
		<StartTestTime>1736853850</StartTestTime>
		<TestList/>
		<EndDateTime>Jan 14 19:24 CST</EndDateTime>
		<EndTestTime>1736853850</EndTestTime>
		<ElapsedMinutes>0</ElapsedMinutes>
	</Testing>
</Site>
